<?xml version="1.0" encoding="UTF-8"?>
<!-- Generated by org.testng.reporters.JUnitReportReporter -->
<testsuite hostname="Marias-MBP" failures="0" tests="2" name="qaclickacademy.SeleniumTest" time="0.011" errors="0" timestamp="2020-04-21T15:47:10 CDT" skipped="0">
  <testcase classname="qaclickacademy.SeleniumTest" name="elements" time="0.002"/>
  <system-out/>
  <testcase classname="qaclickacademy.SeleniumTest" name="browsertesting" time="0.009"/>
  <system-out/>
</testsuite> <!-- qaclickacademy.SeleniumTest -->
