<?xml version="1.0" encoding="UTF-8"?>
<!-- Generated by org.testng.reporters.JUnitReportReporter -->
<testsuite hostname="Marias-MBP" failures="0" tests="2" name="qaclickacademy.demoTest" time="0.004" errors="0" timestamp="2020-04-21T15:47:10 CDT" skipped="0">
  <testcase classname="qaclickacademy.demoTest" name="websitetest" time="0.002"/>
  <system-out/>
  <testcase classname="qaclickacademy.demoTest" name="shoppingtest" time="0.002"/>
  <system-out/>
</testsuite> <!-- qaclickacademy.demoTest -->
